<?xml version="1.0" encoding="UTF-8"?>
<testng-results skipped="0" failed="0" total="1" passed="1">
  <reporter-output>
  </reporter-output>
  <suite name="Default suite" duration-ms="1913" started-at="2019-09-05T20:48:01Z" finished-at="2019-09-05T20:48:03Z">
    <groups>
    </groups>
    <test name="Default test" duration-ms="1913" started-at="2019-09-05T20:48:01Z" finished-at="2019-09-05T20:48:03Z">
      <class name="org.rest.test.PostAPITest">
        <test-method status="PASS" signature="setUp()[pri:0, instance:org.rest.test.PostAPITest@8ff0d1cc]" name="setUp" is-config="true" duration-ms="7" started-at="2019-09-06T02:18:01Z" finished-at="2019-09-06T02:18:01Z">
          <reporter-output>
          </reporter-output>
        </test-method> <!-- setUp -->
        <test-method status="PASS" signature="postAPITestWithHeaders()[pri:0, instance:org.rest.test.PostAPITest@8ff0d1cc]" name="postAPITestWithHeaders" duration-ms="1886" started-at="2019-09-06T02:18:01Z" finished-at="2019-09-06T02:18:03Z">
          <reporter-output>
          </reporter-output>
        </test-method> <!-- postAPITestWithHeaders -->
      </class> <!-- org.rest.test.PostAPITest -->
    </test> <!-- Default test -->
  </suite> <!-- Default suite -->
</testng-results>
